Arguments: 
  C:\Program Files\nodejs\node.exe C:\Users\SOPORTE-TIC\AppData\Roaming\npm\node_modules\yarn\bin\yarn.js add express mongoose nodemon

PATH: 
  C:\ProgramData\Oracle\Java\javapath;C:\Program Files (x86)\Mail Enable\BIN;C:\Python39\Scripts\;C:\Python39\;C:\WINDOWS\system32;C:\WINDOWS;C:\WINDOWS\System32\Wbem;C:\WINDOWS\System32\WindowsPowerShell\v1.0\;C:\WINDOWS\System32\OpenSSH\;C:\Program Files (x86)\NVIDIA Corporation\PhysX\Common;C:\Program Files\NVIDIA Corporation\NVIDIA NvDLISR;C:\Program Files\Git\cmd;C:\WINDOWS\system32;C:\WINDOWS;C:\WINDOWS\System32\Wbem;C:\WINDOWS\System32\WindowsPowerShell\v1.0\;C:\WINDOWS\System32\OpenSSH\;C:\xampp\php;C:\ProgramData\ComposerSetup\bin;C:\ProgramData\chocolatey\bin;;C:\Program Files (x86)\Mail Enable\BIN64;c:\Program Files (x86)\Intel\Intel(R) Management Engine Components\DAL;c:\Program Files\Intel\Intel(R) Management Engine Components\DAL;C:\Program Files\nodejs\;C:\wamp64\bin\php\php7.4.9;C:\Program Files\NetMake\v9-php73\components\php;C:\Users\SOPORTE-TIC\AppData\Local\Microsoft\WindowsApps;C:\Users\SOPORTE-TIC\AppData\Local\Programs\Microsoft VS Code\bin;C:\Users\SOPORTE-TIC\AppData\Roaming\Composer\vendor\bin;C:\Program Files\Inkscape\bin;C:\Users\SOPORTE-TIC\AppData\Roaming\npm;C:\Users\SOPORTE-TIC\AppData\Local\GitHubDesktop\bin

Yarn version: 
  1.22.17

Node version: 
  14.17.6

Platform: 
  win32 x64

Trace: 
  Error: https://registry.yarnpkg.com/express%20mongoose%20nodemon: Not found
      at Request.params.callback [as _callback] (C:\Users\SOPORTE-TIC\AppData\Roaming\npm\node_modules\yarn\lib\cli.js:67029:18)
      at Request.self.callback (C:\Users\SOPORTE-TIC\AppData\Roaming\npm\node_modules\yarn\lib\cli.js:140883:22)
      at Request.emit (events.js:400:28)
      at Request.<anonymous> (C:\Users\SOPORTE-TIC\AppData\Roaming\npm\node_modules\yarn\lib\cli.js:141855:10)
      at Request.emit (events.js:400:28)
      at IncomingMessage.<anonymous> (C:\Users\SOPORTE-TIC\AppData\Roaming\npm\node_modules\yarn\lib\cli.js:141777:12)
      at Object.onceWrapper (events.js:519:28)
      at IncomingMessage.emit (events.js:412:35)
      at endReadableNT (internal/streams/readable.js:1317:12)
      at processTicksAndRejections (internal/process/task_queues.js:82:21)

npm manifest: 
  {
    "name": "udeaciclo4",
    "version": "1.0.0",
    "main": "app.js",
    "repository": "https://github.com/jheymejia/udeaciclo4.git",
    "author": "Jheyman Mejia <48772215+jheymejia@users.noreply.github.com>",
    "license": "MIT"
  }

yarn manifest: 
  No manifest

Lockfile: 
  No lockfile
